commit bb4f2dceb71f172d139898ee9b2b36aeb19cee7a
Author: Matthew Kim <myk235@cs.utexas.edu>
Date:   Sun Nov 8 17:33:24 2015 -0600

    actually fixed travis build issue this time

commit 46f7c2d88208beb2f8aa48470546dd5163b2196b
Author: Matthew Kim <myk235@cs.utexas.edu>
Date:   Sun Nov 8 17:30:21 2015 -0600

    fixed travis build issue

commit 25c306c1eb768c1bd53458b94361f0f69229ba2c
Author: Matthew Kim <myk235@cs.utexas.edu>
Date:   Sun Nov 8 17:27:37 2015 -0600

    trying to fix travis build

commit 25fad694641889ad375dce5da4cf5d1361a67ec7
Author: Matthew Kim <myk235@cs.utexas.edu>
Date:   Sun Nov 8 17:20:08 2015 -0600

    added html file

commit 3e88105f6bfe339c42ed478d4dd979390e00b580
Author: Matthew Kim <myk235@cs.utexas.edu>
Date:   Sun Nov 8 17:17:04 2015 -0600

    first travis build commit

commit 34f1c76abc241e2db9a099093d24f439c67dab55
Author: Matthew Kim <myk235@cs.utexas.edu>
Date:   Thu Nov 5 19:21:44 2015 -0600

    Initial commit
